<?xml version="1.0" encoding="UTF-8"?>
<!-- Generated by org.testng.reporters.JUnitReportReporter -->
<testsuite skipped="0" hostname="DESKTOP-KJI7EVB" name="org.testing.TestScripts.TC3" tests="1" failures="0" timestamp="2023-03-30T19:53:13 AEDT" time="53.378" errors="0">
  <testcase name="ClickSubscriptions" time="53.378" classname="org.testing.TestScripts.TC3"/>
  <system-out/>
</testsuite> <!-- org.testing.TestScripts.TC3 -->
