<?xml version="1.0" encoding="UTF-8"?>
<!-- Generated by org.testng.reporters.JUnitReportReporter -->
<testsuite skipped="0" hostname="DESKTOP-KJI7EVB" name="org.testing.TestScripts.TC7" tests="1" failures="0" timestamp="2023-03-30T19:53:12 AEDT" time="79.041" errors="0">
  <testcase name="ClickWatchLater" time="79.041" classname="org.testing.TestScripts.TC7"/>
  <system-out/>
</testsuite> <!-- org.testing.TestScripts.TC7 -->
