<?xml version="1.0" encoding="UTF-8"?>
<!-- Generated by org.testng.reporters.JUnitReportReporter -->
<testsuite skipped="0" hostname="DESKTOP-KJI7EVB" name="org.testing.TestScripts.TC5" tests="1" failures="0" timestamp="2023-03-30T19:53:13 AEDT" time="57.348" errors="0">
  <testcase name="ClickHistory" time="57.348" classname="org.testing.TestScripts.TC5"/>
  <system-out/>
</testsuite> <!-- org.testing.TestScripts.TC5 -->
