<?xml version="1.0" encoding="UTF-8"?>
<!-- Generated by org.testng.reporters.JUnitReportReporter -->
<testsuite skipped="0" hostname="DESKTOP-KJI7EVB" name="org.testing.TestScripts.TC8" tests="1" failures="0" timestamp="2023-03-30T19:53:13 AEDT" time="115.688" errors="0">
  <testcase name="ClickHistory" time="115.688" classname="org.testing.TestScripts.TC8"/>
  <system-out/>
</testsuite> <!-- org.testing.TestScripts.TC8 -->
