<?xml version="1.0" encoding="UTF-8"?>
<!-- Generated by org.testng.reporters.JUnitReportReporter -->
<testsuite skipped="0" hostname="DESKTOP-KJI7EVB" name="org.testing.TestScripts.TC4" tests="1" failures="0" timestamp="2023-03-30T19:53:13 AEDT" time="64.086" errors="0">
  <testcase name="Testcase4" time="64.086" classname="org.testing.TestScripts.TC4"/>
  <system-out/>
</testsuite> <!-- org.testing.TestScripts.TC4 -->
